<?xml version="1.0" encoding="UTF-8"?>
<!-- Generated by org.testng.reporters.JUnitXMLReporter -->
<testsuite ignored="0" hostname="DESKTOP-S2085P6" failures="0" tests="5" name="Default test" time="59.672" errors="0" timestamp="2024-12-10T10:07:45 IST">
  <testcase classname="org.loginModule.FilterPageTestClass" name="VerifyFilterDropDownOption" time="1.236"/>
  <testcase classname="org.loginModule.FilterPageTestClass" name="VerifyApplyingAlphabeticalFilterNameAtoZ" time="3.307"/>
  <testcase classname="org.loginModule.FilterPageTestClass" name="VerifyApplyingAlphabeticalFilterNameZtoA" time="4.542"/>
  <testcase classname="org.loginModule.FilterPageTestClass" name="verifySortingLowtoHighPrice" time="2.487"/>
  <testcase classname="org.loginModule.FilterPageTestClass" name="verifySortingHighToLowPrice" time="2.381"/>
</testsuite> <!-- Default test -->
