<?xml version="1.0" encoding="UTF-8"?>
<!-- Generated by org.testng.reporters.JUnitXMLReporter -->
<testsuite ignored="0" hostname="DESKTOP-S2085P6" failures="5" tests="5" name="Test" time="18.078" errors="0" timestamp="2024-12-10T17:39:47 IST">
  <testcase classname="org.loginModule.FinishPageTestClass" name="VerifyOrderConfirmationMsg" time="0.017">
    <failure type="java.lang.NullPointerException" message="Cannot invoke &amp;quot;org.LoginModule.FinishPage.getOrderConfirmationMsg()&amp;quot; because &amp;quot;this.finish&amp;quot; is null">
      <![CDATA[java.lang.NullPointerException: Cannot invoke "org.LoginModule.FinishPage.getOrderConfirmationMsg()" because "this.finish" is null
at org.loginModule.FinishPageTestClass.VerifyOrderConfirmationMsg(FinishPageTestClass.java:70)
at java.base/java.util.ArrayList.forEach(ArrayList.java:1511)
... Removed 27 stack frames]]>
    </failure>
  </testcase> <!-- VerifyOrderConfirmationMsg -->
  <testcase classname="org.loginModule.FinishPageTestClass" name="VerifytheElementIsVisibleAfterScrollingpageTest" time="0.0">
    <failure type="java.lang.NullPointerException" message="Cannot invoke &amp;quot;org.LoginModule.FinishPage.scrollingByTargetElement()&amp;quot; because &amp;quot;this.finish&amp;quot; is null">
      <![CDATA[java.lang.NullPointerException: Cannot invoke "org.LoginModule.FinishPage.scrollingByTargetElement()" because "this.finish" is null
at org.loginModule.FinishPageTestClass.VerifytheElementIsVisibleAfterScrollingpageTest(FinishPageTestClass.java:100)
at java.base/java.util.ArrayList.forEach(ArrayList.java:1511)
... Removed 27 stack frames]]>
    </failure>
  </testcase> <!-- VerifytheElementIsVisibleAfterScrollingpageTest -->
  <testcase classname="org.loginModule.FinishPageTestClass" name="verifyPageTitle" time="0.009">
    <failure type="java.lang.NullPointerException" message="Cannot invoke &amp;quot;org.LoginModule.FinishPage.getPageTitle()&amp;quot; because &amp;quot;this.finish&amp;quot; is null">
      <![CDATA[java.lang.NullPointerException: Cannot invoke "org.LoginModule.FinishPage.getPageTitle()" because "this.finish" is null
at org.loginModule.FinishPageTestClass.verifyPageTitle(FinishPageTestClass.java:62)
at java.base/java.util.ArrayList.forEach(ArrayList.java:1511)
... Removed 27 stack frames]]>
    </failure>
  </testcase> <!-- verifyPageTitle -->
  <testcase classname="org.loginModule.FinishPageTestClass" name="verifylogoFinishPage" time="0.002">
    <failure type="java.lang.NullPointerException" message="Cannot invoke &amp;quot;org.LoginModule.FinishPage.logoIsdisplay()&amp;quot; because &amp;quot;this.finish&amp;quot; is null">
      <![CDATA[java.lang.NullPointerException: Cannot invoke "org.LoginModule.FinishPage.logoIsdisplay()" because "this.finish" is null
at org.loginModule.FinishPageTestClass.verifylogoFinishPage(FinishPageTestClass.java:55)
at java.base/java.util.ArrayList.forEach(ArrayList.java:1511)
... Removed 27 stack frames]]>
    </failure>
  </testcase> <!-- verifylogoFinishPage -->
  <testcase classname="org.loginModule.FinishPageTestClass" name="verifypony_expressImgTest" time="0.002">
    <failure type="java.lang.NullPointerException" message="Cannot invoke &amp;quot;org.LoginModule.FinishPage.validImgIsDisplayed()&amp;quot; because &amp;quot;this.finish&amp;quot; is null">
      <![CDATA[java.lang.NullPointerException: Cannot invoke "org.LoginModule.FinishPage.validImgIsDisplayed()" because "this.finish" is null
at org.loginModule.FinishPageTestClass.verifypony_expressImgTest(FinishPageTestClass.java:79)
at java.base/java.util.ArrayList.forEach(ArrayList.java:1511)
... Removed 27 stack frames]]>
    </failure>
  </testcase> <!-- verifypony_expressImgTest -->
</testsuite> <!-- Test -->
